zxy
5f203434204fd64c890e0c621433b025
zxy
5f203434204fd64c890e0c621433b025
undefined
undefined
undefined
hanliwen
hanliwen
9
zhaoxiaoying
9
zhaoxiaoying
9
hanliwen
9
hanliwen
9
hanliwen
hanliwen
9
hanliwen
9
hanliwen
9
hanliwen
9
zhaoxiaoying
9
zhaoxiaoying
9
hanliwen
9
zhaoxiaoying
9
hanliwen
9
zhaoxiaoying
9
hanliwen
9
hanliwen
9
hanliwen
9
hanliwen
9
zhaoxiaoying
9
zhaoxiaoying
9
hanliwen
9
hanliwen
9
hanliwen
9
hanliwen
9
hanliwen
9
hanliwen
9
zhaoxiaoying
9
undefined
9
undefined
9
undefined
9
undefined
9
undefined
9
hanliwen
9
hanliwen
9
hanliwen
9
hanliwen
9
hanliwen
9
hanliwen
9
hanliwen
9
hanliwen
9
undefined
9
undefined
9
hanliwen
9
hanliwen
9
hanliwen
9
hanliwen
9
hanliwen
9
hanliwen
9
hanliwen
