0 info it worked if it ends with ok
1 verbose cli [ '/usr/local/node-v8.7.0-linux-x64/bin/node',
1 verbose cli   '/usr/local/bin/npm',
1 verbose cli   'cache',
1 verbose cli   'clear' ]
2 info using npm@5.4.2
3 info using node@v8.7.0
4 verbose npm-session e36d7ec6b5448bcf
5 verbose stack Error: As of npm@5, the npm cache self-heals from corruption issues and data extracted from the cache is guaranteed to be valid. If you want to make sure everything is consistent, use 'npm cache verify' instead.
5 verbose stack
5 verbose stack If you're sure you want to delete the entire cache, rerun this command with --force.
5 verbose stack     at clean (/usr/local/node-v8.7.0-linux-x64/lib/node_modules/npm/lib/cache.js:70:22)
5 verbose stack     at EventEmitter.cache (/usr/local/node-v8.7.0-linux-x64/lib/node_modules/npm/lib/cache.js:45:16)
5 verbose stack     at Object.commandCache.(anonymous function) (/usr/local/node-v8.7.0-linux-x64/lib/node_modules/npm/lib/npm.js:149:13)
5 verbose stack     at EventEmitter.<anonymous> (/usr/local/node-v8.7.0-linux-x64/lib/node_modules/npm/bin/npm-cli.js:84:30)
5 verbose stack     at _combinedTickCallback (internal/process/next_tick.js:131:7)
5 verbose stack     at process._tickCallback (internal/process/next_tick.js:180:9)
6 verbose cwd /root/UED
7 verbose Linux 2.6.32-642.el6.x86_64
8 verbose argv "/usr/local/node-v8.7.0-linux-x64/bin/node" "/usr/local/bin/npm" "cache" "clear"
9 verbose node v8.7.0
10 verbose npm  v5.4.2
11 error As of npm@5, the npm cache self-heals from corruption issues and data extracted from the cache is guaranteed to be valid. If you want to make sure everything is consistent, use 'npm cache verify' instead.
11 error
11 error If you're sure you want to delete the entire cache, rerun this command with --force.
12 verbose exit [ 1, true ]
